AGENT_JOB_READY agent-001 company-a6ded4a3 ＷＡＧＡＯ 株式会社
[1/100] ＷＡＧＡＯ 株式会社: not_found
AGENT_JOB_READY agent-002 company-9356992b 片山 一幸
[2/100] 片山 一幸: not_found
AGENT_JOB_READY agent-003 company-7a0a70ca 株式会社 ＳＨＡＲＥ
[3/100] 株式会社 ＳＨＡＲＥ: not_found
[4/100] 株式会社 ＭＯＫＡ．: email_found
[5/100] 浜益特定地域づくり事業協同組合: contact_form_found
AGENT_JOB_READY agent-004 company-717ab93c アサヒ管財 株式会社
[6/100] アサヒ管財 株式会社: not_found
AGENT_JOB_READY agent-005 company-992d741d ミャンマーフロンティア 株式会社
[7/100] ミャンマーフロンティア 株式会社: not_found
AGENT_JOB_READY agent-006 company-69f50bac 株式会社 ＨＯＴサービス
[8/100] 株式会社 ＨＯＴサービス: not_found
AGENT_JOB_READY agent-007 company-e8664d18 有限会社 プログレスＡＩ
[9/100] 有限会社 プログレスＡＩ: not_found
AGENT_JOB_READY agent-008 company-16438781 合同会社 ドリームヒルズ
[10/100] 合同会社 ドリームヒルズ: not_found
AGENT_JOB_READY agent-009 company-93cb5d1c 公益社団法人北海道シルバー人材センター連合会
[11/100] 公益社団法人北海道シルバー人材センター連合会: not_found
AGENT_JOB_READY agent-010 company-5ebd40e9 公益社団法人北海道シルバー人材センター連合会
[12/100] 公益社団法人北海道シルバー人材センター連合会: not_found
AGENT_JOB_READY agent-011 company-acdcf527 公益社団法人北海道シルバー人材センター連合会
[13/100] 公益社団法人北海道シルバー人材センター連合会: not_found
AGENT_JOB_READY agent-012 company-75ac20a6 公益社団法人北海道シルバー人材センター連合会
[14/100] 公益社団法人北海道シルバー人材センター連合会: not_found
AGENT_JOB_READY agent-013 company-21980394 公益社団法人北海道シルバー人材センター連合会
[15/100] 公益社団法人北海道シルバー人材センター連合会: not_found
AGENT_JOB_READY agent-014 company-6ba927b1 公益社団法人北海道シルバー人材センター連合会
[16/100] 公益社団法人北海道シルバー人材センター連合会: not_found
AGENT_JOB_READY agent-015 company-4cb66993 公益社団法人北海道シルバー人材センター連合会
[17/100] 公益社団法人北海道シルバー人材センター連合会: not_found
AGENT_JOB_READY agent-016 company-abe068b1 公益社団法人北海道シルバー人材センター連合会
[18/100] 公益社団法人北海道シルバー人材センター連合会: not_found
AGENT_JOB_READY agent-017 company-c42aa42b 公益社団法人北海道シルバー人材センター連合会
[19/100] 公益社団法人北海道シルバー人材センター連合会: not_found
AGENT_JOB_READY agent-018 company-161a7c31 公益社団法人北海道シルバー人材センター連合会
[20/100] 公益社団法人北海道シルバー人材センター連合会: not_found
AGENT_JOB_READY agent-019 company-238073d6 公益社団法人北海道シルバー人材センター連合会
[21/100] 公益社団法人北海道シルバー人材センター連合会: not_found
AGENT_JOB_READY agent-020 company-7f246c5b 公益社団法人北海道シルバー人材センター連合会
[22/100] 公益社団法人北海道シルバー人材センター連合会: not_found
AGENT_JOB_READY agent-021 company-0e94a7c7 公益社団法人北海道シルバー人材センター連合会
[23/100] 公益社団法人北海道シルバー人材センター連合会: not_found
AGENT_JOB_READY agent-022 company-f4b13c9a 公益社団法人北海道シルバー人材センター連合会
[24/100] 公益社団法人北海道シルバー人材センター連合会: not_found
AGENT_JOB_READY agent-023 company-9ee52e15 公益社団法人北海道シルバー人材センター連合会
[25/100] 公益社団法人北海道シルバー人材センター連合会: not_found
AGENT_JOB_READY agent-024 company-1cf59442 公益社団法人北海道シルバー人材センター連合会
[26/100] 公益社団法人北海道シルバー人材センター連合会: not_found
AGENT_JOB_READY agent-025 company-9ca045d1 公益社団法人北海道シルバー人材センター連合会
[27/100] 公益社団法人北海道シルバー人材センター連合会: not_found
AGENT_JOB_READY agent-026 company-09fb83eb 公益社団法人北海道シルバー人材センター連合会
[28/100] 公益社団法人北海道シルバー人材センター連合会: not_found
AGENT_JOB_READY agent-027 company-3522e3a9 公益社団法人北海道シルバー人材センター連合会
[29/100] 公益社団法人北海道シルバー人材センター連合会: not_found
AGENT_JOB_READY agent-028 company-2ff9e4df 公益社団法人北海道シルバー人材センター連合会
[30/100] 公益社団法人北海道シルバー人材センター連合会: not_found
AGENT_JOB_READY agent-029 company-d40b8a4f 公益社団法人北海道シルバー人材センター連合会
[31/100] 公益社団法人北海道シルバー人材センター連合会: not_found
AGENT_JOB_READY agent-030 company-ec6bfd40 公益社団法人北海道シルバー人材センター連合会
[32/100] 公益社団法人北海道シルバー人材センター連合会: not_found
AGENT_JOB_READY agent-031 company-9b6aee51 公益社団法人北海道シルバー人材センター連合会
[33/100] 公益社団法人北海道シルバー人材センター連合会: not_found
AGENT_JOB_READY agent-032 company-fc6c9a9d 公益社団法人北海道シルバー人材センター連合会
[34/100] 公益社団法人北海道シルバー人材センター連合会: not_found
AGENT_JOB_READY agent-033 company-2a010d50 公益社団法人北海道シルバー人材センター連合会
[35/100] 公益社団法人北海道シルバー人材センター連合会: not_found
AGENT_JOB_READY agent-034 company-ed2adaf0 公益社団法人北海道シルバー人材センター連合会
[36/100] 公益社団法人北海道シルバー人材センター連合会: not_found
AGENT_JOB_READY agent-035 company-aa9f0db8 公益社団法人北海道シルバー人材センター連合会
[37/100] 公益社団法人北海道シルバー人材センター連合会: not_found
AGENT_JOB_READY agent-036 company-b203cc66 公益社団法人北海道シルバー人材センター連合会
[38/100] 公益社団法人北海道シルバー人材センター連合会: not_found
AGENT_JOB_READY agent-037 company-84780114 公益社団法人北海道シルバー人材センター連合会
[39/100] 公益社団法人北海道シルバー人材センター連合会: not_found
AGENT_JOB_READY agent-038 company-b78fb978 公益社団法人北海道シルバー人材センター連合会
[40/100] 公益社団法人北海道シルバー人材センター連合会: not_found
AGENT_JOB_READY agent-039 company-d7243f4f 公益社団法人北海道シルバー人材センター連合会
[41/100] 公益社団法人北海道シルバー人材センター連合会: not_found
AGENT_JOB_READY agent-040 company-ca63f34d 公益社団法人北海道シルバー人材センター連合会
[42/100] 公益社団法人北海道シルバー人材センター連合会: not_found
AGENT_JOB_READY agent-041 company-52089729 公益社団法人北海道シルバー人材センター連合会
[43/100] 公益社団法人北海道シルバー人材センター連合会: not_found
AGENT_JOB_READY agent-042 company-9a553293 公益社団法人北海道シルバー人材センター連合会
[44/100] 公益社団法人北海道シルバー人材センター連合会: not_found
AGENT_JOB_READY agent-043 company-eb9e94a7 公益社団法人北海道シルバー人材センター連合会
[45/100] 公益社団法人北海道シルバー人材センター連合会: not_found
AGENT_JOB_READY agent-044 company-b8058f1c 公益社団法人北海道シルバー人材センター連合会
[46/100] 公益社団法人北海道シルバー人材センター連合会: not_found
AGENT_JOB_READY agent-045 company-fb903de1 公益社団法人北海道シルバー人材センター連合会
[47/100] 公益社団法人北海道シルバー人材センター連合会: not_found
AGENT_JOB_READY agent-046 company-4c6daaca 公益社団法人北海道シルバー人材センター連合会
[48/100] 公益社団法人北海道シルバー人材センター連合会: not_found
AGENT_JOB_READY agent-047 company-a960c7db 三八五流通 株式会社
[49/100] 三八五流通 株式会社: not_found
AGENT_JOB_READY agent-048 company-6e6ef0a3 株式会社 トゥインクル
[50/100] 株式会社 トゥインクル: not_found
AGENT_JOB_READY agent-049 company-7025d1ab 株式会社 ケアライフ青森
[51/100] 株式会社 ケアライフ青森: not_found
AGENT_JOB_READY agent-050 company-b103473d 株式会社 エンジョブ
[52/100] 株式会社 エンジョブ: not_found
AGENT_JOB_READY agent-051 company-c7239dc0 有限会社 ザ・ワーク
[53/100] 有限会社 ザ・ワーク: not_found
AGENT_JOB_READY agent-052 company-91e54c15 北日本事業振興協同組合
[54/100] 北日本事業振興協同組合: not_found
AGENT_JOB_READY agent-053 company-03eb0001 菊池 勲
[55/100] 菊池 勲: not_found
AGENT_JOB_READY agent-054 company-43068b78 有限会社 大裕
[56/100] 有限会社 大裕: not_found
AGENT_JOB_READY agent-055 i-d92d87a3 株式会社I・Ｍ・Ｓ
[57/100] 株式会社I・Ｍ・Ｓ: not_found
AGENT_JOB_READY agent-056 company-2cba73fa いかり商事株式会社
[58/100] いかり商事株式会社: not_found
AGENT_JOB_READY agent-057 company-d33cfd88 株式会社ドリーム・ワークス
[59/100] 株式会社ドリーム・ワークス: not_found
AGENT_JOB_READY agent-058 company-886e1e46 有限会社一関看護婦家政婦紹介所
[60/100] 有限会社一関看護婦家政婦紹介所: not_found
AGENT_JOB_READY agent-059 company-c4e506c6 株式会社ツイン
[61/100] 株式会社ツイン: not_found
AGENT_JOB_READY agent-060 company-d66f5693 株式会社天正スタッフ
[62/100] 株式会社天正スタッフ: not_found
[63/100] 株式会社 ジュリアン: contact_form_found
AGENT_JOB_READY agent-061 company-92a374a9 一般社団法人 盛の郷
[64/100] 一般社団法人 盛の郷: not_found
AGENT_JOB_READY agent-062 company-75d370f5 株式会社東北銀行
[65/100] 株式会社東北銀行: not_found
AGENT_JOB_READY agent-063 company-1ee48cd5 株式会社北日本銀行
[66/100] 株式会社北日本銀行: not_found
AGENT_JOB_READY agent-064 company-4a945c4a 新高電気 株式会社
[67/100] 新高電気 株式会社: not_found
AGENT_JOB_READY agent-065 company-fb42adec 株式会社パソナ東北創生
[68/100] 株式会社パソナ東北創生: official_site_found_no_contact
AGENT_JOB_READY agent-066 company-04ed596b クラリスアート株式会社
[69/100] クラリスアート株式会社: not_found
[70/100] ディスカバリー株式会社: contact_form_found
AGENT_JOB_READY agent-067 company-41b2913c 有限会社あけぼの介護センター
[71/100] 有限会社あけぼの介護センター: not_found
AGENT_JOB_READY agent-068 company-f7451b31 有限会社岡本看護婦家政婦紹介所
[72/100] 有限会社岡本看護婦家政婦紹介所: not_found
AGENT_JOB_READY agent-069 company-7f9da412 菅原 清香
[73/100] 菅原 清香: not_found
AGENT_JOB_READY agent-070 company-ba9ac488 株式会社佐々啓
[74/100] 株式会社佐々啓: not_found
AGENT_JOB_READY agent-071 company-146a49cb 東北重機工事株式会社
[75/100] 東北重機工事株式会社: not_found
AGENT_JOB_READY agent-072 company-32ac64fd 株式会社あずみ
[76/100] 株式会社あずみ: not_found
AGENT_JOB_READY agent-073 company-8ae7afeb 有限会社ヒューマンリンクス
[77/100] 有限会社ヒューマンリンクス: not_found
[78/100] 株式会社エキスパートエージェンシー: email_found
AGENT_JOB_READY agent-074 company-4a6c55e6 株式会社スピード
[79/100] 株式会社スピード: not_found
AGENT_JOB_READY agent-075 company-39ea4c32 株式会社オガワ企画
[80/100] 株式会社オガワ企画: not_found
AGENT_JOB_READY agent-076 company-58776e1f 株式会社中田無線
[81/100] 株式会社中田無線: not_found
AGENT_JOB_READY agent-077 company-2e3e8cbd 株式会社福祉工房
[82/100] 株式会社福祉工房: not_found
AGENT_JOB_READY agent-078 company-6377e2d7 ジャパンビルシステム株式会社
[83/100] ジャパンビルシステム株式会社: not_found
AGENT_JOB_READY agent-079 company-f1d24d61 株式会社清建
[84/100] 株式会社清建: not_found
[85/100] アンデックス株式会社: email_found
AGENT_JOB_READY agent-080 company-7fe3b345 株式会社ミライズＰｒｏ
[86/100] 株式会社ミライズＰｒｏ: not_found
AGENT_JOB_READY agent-081 company-637c87eb 株式会社ＹＳ ｄｉａｇｒａｍ
[87/100] 株式会社ＹＳ ｄｉａｇｒａｍ: not_found
AGENT_JOB_READY agent-082 company-54c6be2c 株式会社ケーユーケー
[88/100] 株式会社ケーユーケー: not_found
AGENT_JOB_READY agent-083 company-231747f5 株式会社人事・教育サービス
[89/100] 株式会社人事・教育サービス: not_found
AGENT_JOB_READY agent-084 company-92ad0f25 株式会社ナラティブ
[90/100] 株式会社ナラティブ: not_found
AGENT_JOB_READY agent-085 company-fb1f76e1 株式会社アオバワークス
[91/100] 株式会社アオバワークス: not_found
AGENT_JOB_READY agent-086 company-4b808804 株式会社ニア
[92/100] 株式会社ニア: not_found
AGENT_JOB_READY agent-087 company-94250005 株式会社オフィス・インテグラル
[93/100] 株式会社オフィス・インテグラル: not_found
AGENT_JOB_READY agent-088 company-230ef37e 株式会社クロスリード
[94/100] 株式会社クロスリード: not_found
AGENT_JOB_READY agent-089 company-fccc02c3 株式会社ＲｅＭＡＫＥ
[95/100] 株式会社ＲｅＭＡＫＥ: not_found
AGENT_JOB_READY agent-090 company-f0af1aa6 株式会社レインボーフィールド
[96/100] 株式会社レインボーフィールド: not_found
AGENT_JOB_READY agent-091 company-f6cfca5a 株式会社メディカル・ブリエ
[97/100] 株式会社メディカル・ブリエ: not_found
AGENT_JOB_READY agent-092 company-64be7d39 ＲＴ Ｐａｒｔｎｅｒ合同会社
[98/100] ＲＴ Ｐａｒｔｎｅｒ合同会社: not_found
AGENT_JOB_READY agent-093 company-ac72c2a8 ＪＳ合同会社
[99/100] ＪＳ合同会社: not_found
AGENT_JOB_READY agent-094 company-0b3718d4 株式会社ミルフィーユ
[100/100] 株式会社ミルフィーユ: not_found
Streaming static enrichment complete. Agent jobs: 94
