[1/100] 株式会社 札幌昭栄: email_found
AGENT_JOB_READY agent-001 company-9900cdc3 株式会社 エイチビーケーサポートワーク
[2/100] 株式会社 エイチビーケーサポートワーク: not_found
AGENT_JOB_READY agent-002 company-fdfd4207 有限会社 北見マーケットコミュニケーションズ
[3/100] 有限会社 北見マーケットコミュニケーションズ: not_found
[4/100] 株式会社 ロックウェル: contact_form_found
AGENT_JOB_READY agent-003 company-14714f2b 株式会社 道新アクセス
[5/100] 株式会社 道新アクセス: official_site_found_no_contact
AGENT_JOB_READY agent-004 company-1bde2b53 株式会社 アネックス
[6/100] 株式会社 アネックス: not_found
AGENT_JOB_READY agent-005 company-3961db7d 株式会社 アネックス
[7/100] 株式会社 アネックス: not_found
[8/100] 株式会社 ファーストステップ: contact_form_found
AGENT_JOB_READY agent-006 company-16a31d99 メイツセレクト 株式会社
[9/100] メイツセレクト 株式会社: not_found
[10/100] 有限会社 ガーディアン美警: email_found
AGENT_JOB_READY agent-007 company-6d46393e モス物流プランニング 株式会社
[11/100] モス物流プランニング 株式会社: not_found
[12/100] 株式会社 アメリカンビジネスサービス: contact_form_found
[13/100] 株式会社 アメリカンビジネスサービス: contact_form_found
AGENT_JOB_READY agent-008 company-21f695d1 株式会社 エルフィンウエブ
[14/100] 株式会社 エルフィンウエブ: not_found
AGENT_JOB_READY agent-009 company-7d57a650 株式会社 ネオコーポレーション
[15/100] 株式会社 ネオコーポレーション: official_site_found_no_contact
AGENT_JOB_READY agent-010 company-2111bd8a 株式会社 ＢＥＣＫ
[16/100] 株式会社 ＢＥＣＫ: not_found
[17/100] リンケージサービス 株式会社: contact_form_found
[18/100] リンケージサービス 株式会社: contact_form_found
[19/100] 株式会社 ヤマダイグループ: email_found
[20/100] 株式会社 ヤマダイグループ: email_found
AGENT_JOB_READY agent-011 company-90534e23 株式会社 プロサポート物流
[21/100] 株式会社 プロサポート物流: not_found
AGENT_JOB_READY agent-012 company-e3451244 株式会社 札総
[22/100] 株式会社 札総: not_found
AGENT_JOB_READY agent-013 company-dd61c9e6 合同会社エム・アイ・エス札幌
[23/100] 合同会社エム・アイ・エス札幌: not_found
AGENT_JOB_READY agent-014 company-a77dfeed 株式会社 ＧＳＩ
[24/100] 株式会社 ＧＳＩ: not_found
[25/100] 株式会社ドルフィン: contact_form_found
[26/100] 株式会社エス・エム・エスサポートサービス: contact_form_found
[27/100] 株式会社 ノースグリーン: email_found
[28/100] 株式会社グラン・メディコ: contact_form_found
AGENT_JOB_READY agent-015 company-8964c5c7 三鉱建設株式会社
[29/100] 三鉱建設株式会社: not_found
AGENT_JOB_READY agent-016 company-d7a3f304 株式会社大原キャリアスタッフ北海道
[30/100] 株式会社大原キャリアスタッフ北海道: not_found
AGENT_JOB_READY agent-017 company-7106e213 株式会社 エーピーアール
[31/100] 株式会社 エーピーアール: not_found
AGENT_JOB_READY agent-018 company-8ba60540 楡創研 株式会社
[32/100] 楡創研 株式会社: not_found
AGENT_JOB_READY agent-019 company-c7679cbe 株式会社 ソフトガーデン
[33/100] 株式会社 ソフトガーデン: official_site_found_no_contact
AGENT_JOB_READY agent-020 company-5199a227 株式会社 ソフトガーデン
[34/100] 株式会社 ソフトガーデン: official_site_found_no_contact
[35/100] 伊達環境管理株式会社: contact_form_found
AGENT_JOB_READY agent-021 company-509ae6cc 株式会社 ＮＴＴネクシア
[36/100] 株式会社 ＮＴＴネクシア: not_found
AGENT_JOB_READY agent-022 company-81eec7c3 株式会社 ＮＴＴネクシア
[37/100] 株式会社 ＮＴＴネクシア: not_found
AGENT_JOB_READY agent-023 company-bdec1b1d 株式会社 ＮＴＴネクシア
[38/100] 株式会社 ＮＴＴネクシア: not_found
AGENT_JOB_READY agent-024 company-e93e0b5e 株式会社 Ｍａｍｍｙ Ｐｒｏ
[39/100] 株式会社 Ｍａｍｍｙ Ｐｒｏ: not_found
AGENT_JOB_READY agent-025 company-183cda18 小石川 志津加
[40/100] 小石川 志津加: not_found
AGENT_JOB_READY agent-026 company-a190ca12 株式会社 ＨＫＳ ＪＡＰＡＮ
[41/100] 株式会社 ＨＫＳ ＪＡＰＡＮ: not_found
AGENT_JOB_READY agent-027 company-f63f5b74 社会医療法人社団 三草会
[42/100] 社会医療法人社団 三草会: not_found
AGENT_JOB_READY agent-028 company-e8be14dc 株式会社 サンコー
[43/100] 株式会社 サンコー: not_found
AGENT_JOB_READY agent-029 company-ff8b1207 株式会社 ＳＰＩ
[44/100] 株式会社 ＳＰＩ: not_found
AGENT_JOB_READY agent-030 company-36e5f022 株式会社 ビツグベン
[45/100] 株式会社 ビツグベン: not_found
AGENT_JOB_READY agent-031 company-b0ff65e1 株式会社 ノーステクノロジー
[46/100] 株式会社 ノーステクノロジー: not_found
AGENT_JOB_READY agent-032 company-f2ec46a8 合通プラス 株式会社
[47/100] 合通プラス 株式会社: not_found
AGENT_JOB_READY agent-033 company-26b23460 株式会社 サクライサービス
[48/100] 株式会社 サクライサービス: not_found
AGENT_JOB_READY agent-034 company-02bd96ba 株式会社 ドリームサポート
[49/100] 株式会社 ドリームサポート: not_found
AGENT_JOB_READY agent-035 company-5d765acd 有限会社 コミュニティ
[50/100] 有限会社 コミュニティ: not_found
AGENT_JOB_READY agent-036 company-3620cec6 株式会社 １３１
[51/100] 株式会社 １３１: not_found
AGENT_JOB_READY agent-037 company-5a4c7851 エイトカラーファームズ 株式会社
[52/100] エイトカラーファームズ 株式会社: not_found
AGENT_JOB_READY agent-038 company-9cd356d0 おかげさまカンパニー 株式会社
[53/100] おかげさまカンパニー 株式会社: not_found
AGENT_JOB_READY agent-039 company-c86446a0 千歳相互観光バス 株式会社
[54/100] 千歳相互観光バス 株式会社: not_found
AGENT_JOB_READY agent-040 company-2dc50941 特定非営利活動法人 北海道ＮＰＯサポートセンター
[55/100] 特定非営利活動法人 北海道ＮＰＯサポートセンター: not_found
AGENT_JOB_READY agent-041 company-4a4935ac 株式会社ＭＩＫ
[56/100] 株式会社ＭＩＫ: not_found
AGENT_JOB_READY agent-042 company-fda78e37 株式会社 ガロード
[57/100] 株式会社 ガロード: not_found
AGENT_JOB_READY agent-043 company-57e0da4d 株式会社 ドリーム
[58/100] 株式会社 ドリーム: not_found
AGENT_JOB_READY agent-044 company-f98f87c1 北日本産業 株式会社
[59/100] 北日本産業 株式会社: not_found
AGENT_JOB_READY agent-045 company-b67942cb フロンティアパートナーＦＡＳ 株式会社
[60/100] フロンティアパートナーＦＡＳ 株式会社: not_found
AGENT_JOB_READY agent-046 company-8e30d72a 株式会社 池内システムサービス
[61/100] 株式会社 池内システムサービス: not_found
AGENT_JOB_READY agent-047 company-d673e07a 株式会社 トーホーエンジニアリング
[62/100] 株式会社 トーホーエンジニアリング: not_found
AGENT_JOB_READY agent-048 company-6f9ee6f7 株式会社 ｋａｎｐｒｏ‐ｗｏｒｋ
[63/100] 株式会社 ｋａｎｐｒｏ‐ｗｏｒｋ: not_found
AGENT_JOB_READY agent-049 company-307b6ad9 株式会社 かんだ
[64/100] 株式会社 かんだ: not_found
AGENT_JOB_READY agent-050 company-3ef9383d 坂口 眞一
[65/100] 坂口 眞一: not_found
AGENT_JOB_READY agent-051 company-1feaf1c3 株式会社 エス・イー・ジャパン
[66/100] 株式会社 エス・イー・ジャパン: not_found
AGENT_JOB_READY agent-052 company-b2f6580c 株式会社 ギヤサポート
[67/100] 株式会社 ギヤサポート: not_found
AGENT_JOB_READY agent-053 company-9ff1c8b1 株式会社 ミュートネット
[68/100] 株式会社 ミュートネット: not_found
AGENT_JOB_READY agent-054 company-df28e5dc 株式会社 一寸房
[69/100] 株式会社 一寸房: not_found
AGENT_JOB_READY agent-055 company-35deb070 株式会社 Ｓ．Ｉ．Ｃ
[70/100] 株式会社 Ｓ．Ｉ．Ｃ: not_found
AGENT_JOB_READY agent-056 company-27caec90 荒井 輝夫
[71/100] 荒井 輝夫: not_found
AGENT_JOB_READY agent-057 company-fcf7fbfb 株式会社 キャリアパートナー
[72/100] 株式会社 キャリアパートナー: not_found
AGENT_JOB_READY agent-058 company-7d3127c6 株式会社 コミュニティーワークス
[73/100] 株式会社 コミュニティーワークス: not_found
AGENT_JOB_READY agent-059 company-59edd624 株式会社 ＬＥＡＦ
[74/100] 株式会社 ＬＥＡＦ: not_found
AGENT_JOB_READY agent-060 company-02b088cf 株式会社 ノースモバイル
[75/100] 株式会社 ノースモバイル: not_found
AGENT_JOB_READY agent-061 company-45e3306d 株式会社 オガワヤ
[76/100] 株式会社 オガワヤ: not_found
AGENT_JOB_READY agent-062 company-f7027ed6 Ｎ＆ｓｔａｒ 合同会社
[77/100] Ｎ＆ｓｔａｒ 合同会社: not_found
AGENT_JOB_READY agent-063 company-c0314bce 株式会社 ＹＮＳトラスト
[78/100] 株式会社 ＹＮＳトラスト: not_found
AGENT_JOB_READY agent-064 company-33e2bcc5 名美興業 株式会社
[79/100] 名美興業 株式会社: not_found
AGENT_JOB_READY agent-065 company-dff4f12e 鈴蘭ビルサービス 株式会社
[80/100] 鈴蘭ビルサービス 株式会社: not_found
AGENT_JOB_READY agent-066 company-301b26e5 北海道農業協同組合中央会
[81/100] 北海道農業協同組合中央会: not_found
AGENT_JOB_READY agent-067 company-14c11b56 株式会社 Ｎｏｒｔｈ Ｌｕｃｅ
[82/100] 株式会社 Ｎｏｒｔｈ Ｌｕｃｅ: not_found
AGENT_JOB_READY agent-068 company-4e05c1b4 学校法人 北工学園
[83/100] 学校法人 北工学園: official_site_found_no_contact
AGENT_JOB_READY agent-069 company-218489b5 株式会社 セキュアスタッフ
[84/100] 株式会社 セキュアスタッフ: not_found
AGENT_JOB_READY agent-070 company-bff54c38 株式会社 ＦＥＲＮＡ
[85/100] 株式会社 ＦＥＲＮＡ: not_found
AGENT_JOB_READY agent-071 company-164148f7 一般社団法人 国際人材育成支援協会
[86/100] 一般社団法人 国際人材育成支援協会: not_found
AGENT_JOB_READY agent-072 company-6004b6fd 北海道倶楽部 株式会社
[87/100] 北海道倶楽部 株式会社: not_found
AGENT_JOB_READY agent-073 company-ba265401 Ｆｏｒｃｅ Ｌｉｎｋ Ｎｅｘｔ 株式会社
[88/100] Ｆｏｒｃｅ Ｌｉｎｋ Ｎｅｘｔ 株式会社: not_found
AGENT_JOB_READY agent-074 company-aaa6bcc1 株式会社 Ａｕｂｕ
[89/100] 株式会社 Ａｕｂｕ: not_found
AGENT_JOB_READY agent-075 company-27981079 株式会社 ＦＡＢ
[90/100] 株式会社 ＦＡＢ: not_found
AGENT_JOB_READY agent-076 company-b34f069c 株式会社 ヒューマンイノベーションラボ
[91/100] 株式会社 ヒューマンイノベーションラボ: not_found
AGENT_JOB_READY agent-077 company-023c0ef7 Ｒトラスト 合同会社
[92/100] Ｒトラスト 合同会社: not_found
AGENT_JOB_READY agent-078 company-bd87d29e アミューズメント北海道 株式会社
[93/100] アミューズメント北海道 株式会社: not_found
AGENT_JOB_READY agent-079 company-c288b86a 株式会社 ＪＡＰＡＮ ＱＵＡＬＩＴＹ
[94/100] 株式会社 ＪＡＰＡＮ ＱＵＡＬＩＴＹ: not_found
AGENT_JOB_READY agent-080 company-028aa873 株式会社 ケイズ
[95/100] 株式会社 ケイズ: not_found
AGENT_JOB_READY agent-081 company-b1d96198 株式会社 チセイ
[96/100] 株式会社 チセイ: not_found
AGENT_JOB_READY agent-082 company-2986ef04 ＮｅＸ 株式会社
[97/100] ＮｅＸ 株式会社: not_found
AGENT_JOB_READY agent-083 company-90b06893 札幌駅総合開発 株式会社
[98/100] 札幌駅総合開発 株式会社: not_found
AGENT_JOB_READY agent-084 company-7ee661d9 クリニックコンサルティングサービス 株式会社
[99/100] クリニックコンサルティングサービス 株式会社: not_found
AGENT_JOB_READY agent-085 company-bf96ef8d ＫＳコンサル 株式会社
[100/100] ＫＳコンサル 株式会社: not_found
Streaming static enrichment complete. Agent jobs: 85
